Determining if the pthread_create exist failed with the following output:
Change Dir: /home/guido/Scaricati/Gazebosim-main/client/build/CMakeFiles/CMakeTmp

Run Build Command:"/usr/bin/make" "cmTC_15ad2/fast"
/usr/bin/make -f CMakeFiles/cmTC_15ad2.dir/build.make CMakeFiles/cmTC_15ad2.dir/build
make[1]: ingresso nella directory "/home/guido/Scaricati/Gazebosim-main/client/build/CMakeFiles/CMakeTmp"
Building C object CMakeFiles/cmTC_15ad2.dir/CheckSymbolExists.c.o
/usr/bin/cc     -o CMakeFiles/cmTC_15ad2.dir/CheckSymbolExists.c.o   -c /home/guido/Scaricati/Gazebosim-main/client/build/CMakeFiles/CMakeTmp/CheckSymbolExists.c
Linking C executable cmTC_15ad2
/usr/bin/cmake -E cmake_link_script CMakeFiles/cmTC_15ad2.dir/link.txt --verbose=1
/usr/bin/cc       CMakeFiles/cmTC_15ad2.dir/CheckSymbolExists.c.o  -o cmTC_15ad2 -rdynamic 
CMakeFiles/cmTC_15ad2.dir/CheckSymbolExists.c.o: nella funzione "main":
CheckSymbolExists.c:(.text+0x16): riferimento non definito a "pthread_create"
collect2: error: ld returned 1 exit status
CMakeFiles/cmTC_15ad2.dir/build.make:97: set di istruzioni per l'obiettivo "cmTC_15ad2" non riuscito
make[1]: *** [cmTC_15ad2] Errore 1
make[1]: uscita dalla directory "/home/guido/Scaricati/Gazebosim-main/client/build/CMakeFiles/CMakeTmp"
Makefile:126: set di istruzioni per l'obiettivo "cmTC_15ad2/fast" non riuscito
make: *** [cmTC_15ad2/fast] Errore 2

File /home/guido/Scaricati/Gazebosim-main/client/build/CMakeFiles/CMakeTmp/CheckSymbolExists.c:
/* */
#include <pthread.h>

int main(int argc, char** argv)
{
  (void)argv;
#ifndef pthread_create
  return ((int*)(&pthread_create))[argc];
#else
  (void)argc;
  return 0;
#endif
}

Determining if the function pthread_create exists in the pthreads failed with the following output:
Change Dir: /home/guido/Scaricati/Gazebosim-main/client/build/CMakeFiles/CMakeTmp

Run Build Command:"/usr/bin/make" "cmTC_229cc/fast"
/usr/bin/make -f CMakeFiles/cmTC_229cc.dir/build.make CMakeFiles/cmTC_229cc.dir/build
make[1]: ingresso nella directory "/home/guido/Scaricati/Gazebosim-main/client/build/CMakeFiles/CMakeTmp"
Building C object CMakeFiles/cmTC_229cc.dir/CheckFunctionExists.c.o
/usr/bin/cc    -DCHECK_FUNCTION_EXISTS=pthread_create   -o CMakeFiles/cmTC_229cc.dir/CheckFunctionExists.c.o   -c /usr/share/cmake-3.5/Modules/CheckFunctionExists.c
Linking C executable cmTC_229cc
/usr/bin/cmake -E cmake_link_script CMakeFiles/cmTC_229cc.dir/link.txt --verbose=1
/usr/bin/cc   -DCHECK_FUNCTION_EXISTS=pthread_create    CMakeFiles/cmTC_229cc.dir/CheckFunctionExists.c.o  -o cmTC_229cc -rdynamic -lpthreads 
/usr/bin/ld: impossibile trovare -lpthreads
collect2: error: ld returned 1 exit status
CMakeFiles/cmTC_229cc.dir/build.make:97: set di istruzioni per l'obiettivo "cmTC_229cc" non riuscito
make[1]: *** [cmTC_229cc] Errore 1
make[1]: uscita dalla directory "/home/guido/Scaricati/Gazebosim-main/client/build/CMakeFiles/CMakeTmp"
Makefile:126: set di istruzioni per l'obiettivo "cmTC_229cc/fast" non riuscito
make: *** [cmTC_229cc/fast] Errore 2


