Determining if the pthread_create exist failed with the following output:
Change Dir: /home/guido/Scaricati/Gazebosim-main/plugins/building_plugin/build/CMakeFiles/CMakeTmp

Run Build Command:"/usr/bin/make" "cmTC_97f80/fast"
/usr/bin/make -f CMakeFiles/cmTC_97f80.dir/build.make CMakeFiles/cmTC_97f80.dir/build
make[1]: ingresso nella directory "/home/guido/Scaricati/Gazebosim-main/plugins/building_plugin/build/CMakeFiles/CMakeTmp"
Building C object CMakeFiles/cmTC_97f80.dir/CheckSymbolExists.c.o
/usr/bin/cc     -o CMakeFiles/cmTC_97f80.dir/CheckSymbolExists.c.o   -c /home/guido/Scaricati/Gazebosim-main/plugins/building_plugin/build/CMakeFiles/CMakeTmp/CheckSymbolExists.c
Linking C executable cmTC_97f80
/usr/bin/cmake -E cmake_link_script CMakeFiles/cmTC_97f80.dir/link.txt --verbose=1
/usr/bin/cc       CMakeFiles/cmTC_97f80.dir/CheckSymbolExists.c.o  -o cmTC_97f80 -rdynamic 
CMakeFiles/cmTC_97f80.dir/CheckSymbolExists.c.o: nella funzione "main":
CheckSymbolExists.c:(.text+0x16): riferimento non definito a "pthread_create"
collect2: error: ld returned 1 exit status
CMakeFiles/cmTC_97f80.dir/build.make:97: set di istruzioni per l'obiettivo "cmTC_97f80" non riuscito
make[1]: *** [cmTC_97f80] Errore 1
make[1]: uscita dalla directory "/home/guido/Scaricati/Gazebosim-main/plugins/building_plugin/build/CMakeFiles/CMakeTmp"
Makefile:126: set di istruzioni per l'obiettivo "cmTC_97f80/fast" non riuscito
make: *** [cmTC_97f80/fast] Errore 2

File /home/guido/Scaricati/Gazebosim-main/plugins/building_plugin/build/CMakeFiles/CMakeTmp/CheckSymbolExists.c:
/* */
#include <pthread.h>

int main(int argc, char** argv)
{
  (void)argv;
#ifndef pthread_create
  return ((int*)(&pthread_create))[argc];
#else
  (void)argc;
  return 0;
#endif
}

Determining if the function pthread_create exists in the pthreads failed with the following output:
Change Dir: /home/guido/Scaricati/Gazebosim-main/plugins/building_plugin/build/CMakeFiles/CMakeTmp

Run Build Command:"/usr/bin/make" "cmTC_e62bf/fast"
/usr/bin/make -f CMakeFiles/cmTC_e62bf.dir/build.make CMakeFiles/cmTC_e62bf.dir/build
make[1]: ingresso nella directory "/home/guido/Scaricati/Gazebosim-main/plugins/building_plugin/build/CMakeFiles/CMakeTmp"
Building C object CMakeFiles/cmTC_e62bf.dir/CheckFunctionExists.c.o
/usr/bin/cc    -DCHECK_FUNCTION_EXISTS=pthread_create   -o CMakeFiles/cmTC_e62bf.dir/CheckFunctionExists.c.o   -c /usr/share/cmake-3.5/Modules/CheckFunctionExists.c
Linking C executable cmTC_e62bf
/usr/bin/cmake -E cmake_link_script CMakeFiles/cmTC_e62bf.dir/link.txt --verbose=1
/usr/bin/cc   -DCHECK_FUNCTION_EXISTS=pthread_create    CMakeFiles/cmTC_e62bf.dir/CheckFunctionExists.c.o  -o cmTC_e62bf -rdynamic -lpthreads 
/usr/bin/ld: impossibile trovare -lpthreads
collect2: error: ld returned 1 exit status
CMakeFiles/cmTC_e62bf.dir/build.make:97: set di istruzioni per l'obiettivo "cmTC_e62bf" non riuscito
make[1]: *** [cmTC_e62bf] Errore 1
make[1]: uscita dalla directory "/home/guido/Scaricati/Gazebosim-main/plugins/building_plugin/build/CMakeFiles/CMakeTmp"
Makefile:126: set di istruzioni per l'obiettivo "cmTC_e62bf/fast" non riuscito
make: *** [cmTC_e62bf/fast] Errore 2


